2014/2/4 20:28:14
	IP 地 址：1.1.1.1
	访 问 者：游客
	浏 览 器：IE10.0
	来    源：http://localhost:14313
	地    址：http://localhost:14313/admin/cut2thumbs_upload.aspx?module=news&photo=
---------------------------------------------------------------------------------------------------
2014/2/4 20:29:46
	IP 地 址：1.1.1.1
	访 问 者：游客
	浏 览 器：AppleMAC-Safari5.0
	来    源：http://localhost:14313
	地    址：http://localhost:14313/admin/default.aspx
---------------------------------------------------------------------------------------------------
2014/2/4 20:30:21
	IP 地 址：1.1.1.1
	访 问 者：游客
	浏 览 器：IE10.0
	来    源：http://localhost:14313
	地    址：http://localhost:14313/admin/default.aspx
---------------------------------------------------------------------------------------------------
2014/2/4 20:31:44
	IP 地 址：1.1.1.1
	访 问 者：游客
	浏 览 器：Unknown0.0
	来    源：http://localhost:14313
	地    址：http://localhost:14313/admin/attachment_upfile.aspx?a=a&adminsign=7fef6171469e80d32c0559f88b377245&adminid=1&module=video
---------------------------------------------------------------------------------------------------
2014/2/4 20:33:49
	IP 地 址：1.1.1.1
	访 问 者：游客
	浏 览 器：Unknown0.0
	来    源：http://localhost:14313
	地    址：http://localhost:14313/admin/attachment_upfile.aspx?a=a&adminsign=7fef6171469e80d32c0559f88b377245&adminid=1&module=video
---------------------------------------------------------------------------------------------------
2014/2/4 20:33:56
	IP 地 址：1.1.1.1
	访 问 者：游客
	浏 览 器：Unknown0.0
	来    源：http://localhost:14313
	地    址：http://localhost:14313/admin/attachment_upfile.aspx?a=a&adminsign=7fef6171469e80d32c0559f88b377245&adminid=1&module=video
---------------------------------------------------------------------------------------------------
